0 info it worked if it ends with ok
1 verbose cli [ '/usr/bin/node', '/usr/bin/npm', 'run', 'example' ]
2 info using npm@3.10.10
3 info using node@v6.13.1
4 verbose run-script [ 'preexample', 'example', 'postexample' ]
5 info lifecycle mineral@1.0.0~preexample: mineral@1.0.0
6 silly lifecycle mineral@1.0.0~preexample: no script for preexample, continuing
7 info lifecycle mineral@1.0.0~example: mineral@1.0.0
8 verbose lifecycle mineral@1.0.0~example: unsafe-perm in lifecycle true
9 verbose lifecycle mineral@1.0.0~example: PATH: /usr/lib/node_modules/npm/bin/node-gyp-bin:/home/pascal/Documents/node/mineral/node_modules/.bin:/home/pascal/bin:/home/pascal/.local/bin:/usr/local/sbin:/usr/local/bin:/usr/sbin:/usr/bin:/sbin:/bin:/usr/games:/usr/local/games:/snap/bin:/usr/lib/jvm/java-8-oracle/bin:/usr/lib/jvm/java-8-oracle/db/bin:/usr/lib/jvm/java-8-oracle/jre/bin:/home/pascal/.composer/vendor/bin
10 verbose lifecycle mineral@1.0.0~example: CWD: /home/pascal/Documents/node/mineral
11 silly lifecycle mineral@1.0.0~example: Args: [ '-c', 'cd example && tsc && node dist/example/index.js' ]
12 silly lifecycle mineral@1.0.0~example: Returned: code: 1  signal: null
13 info lifecycle mineral@1.0.0~example: Failed to exec example script
14 verbose stack Error: mineral@1.0.0 example: `cd example && tsc && node dist/example/index.js`
14 verbose stack Exit status 1
14 verbose stack     at EventEmitter.<anonymous> (/usr/lib/node_modules/npm/lib/utils/lifecycle.js:255:16)
14 verbose stack     at emitTwo (events.js:106:13)
14 verbose stack     at EventEmitter.emit (events.js:191:7)
14 verbose stack     at ChildProcess.<anonymous> (/usr/lib/node_modules/npm/lib/utils/spawn.js:40:14)
14 verbose stack     at emitTwo (events.js:106:13)
14 verbose stack     at ChildProcess.emit (events.js:191:7)
14 verbose stack     at maybeClose (internal/child_process.js:920:16)
14 verbose stack     at Process.ChildProcess._handle.onexit (internal/child_process.js:230:5)
15 verbose pkgid mineral@1.0.0
16 verbose cwd /home/pascal/Documents/node/mineral
17 error Linux 4.13.0-38-generic
18 error argv "/usr/bin/node" "/usr/bin/npm" "run" "example"
19 error node v6.13.1
20 error npm  v3.10.10
21 error code ELIFECYCLE
22 error mineral@1.0.0 example: `cd example && tsc && node dist/example/index.js`
22 error Exit status 1
23 error Failed at the mineral@1.0.0 example script 'cd example && tsc && node dist/example/index.js'.
23 error Make sure you have the latest version of node.js and npm installed.
23 error If you do, this is most likely a problem with the mineral package,
23 error not with npm itself.
23 error Tell the author that this fails on your system:
23 error     cd example && tsc && node dist/example/index.js
23 error You can get information on how to open an issue for this project with:
23 error     npm bugs mineral
23 error Or if that isn't available, you can get their info via:
23 error     npm owner ls mineral
23 error There is likely additional logging output above.
24 verbose exit [ 1, true ]
